mode: set
github.com/HungOnBlog/gblink/map.go:27.40,29.9 2 1
github.com/HungOnBlog/gblink/map.go:29.9,31.3 1 1
github.com/HungOnBlog/gblink/map.go:32.2,32.15 1 1
github.com/HungOnBlog/gblink/map.go:46.34,48.2 1 1
github.com/HungOnBlog/gblink/map.go:60.36,62.2 1 1
github.com/HungOnBlog/gblink/map.go:74.30,76.2 1 1
github.com/HungOnBlog/gblink/map.go:88.35,90.2 1 1
github.com/HungOnBlog/gblink/map.go:102.39,105.2 2 1
github.com/HungOnBlog/gblink/map.go:117.31,119.19 2 1
github.com/HungOnBlog/gblink/map.go:119.19,121.3 1 1
github.com/HungOnBlog/gblink/map.go:122.2,122.13 1 1
github.com/HungOnBlog/gblink/map.go:135.33,137.22 2 1
github.com/HungOnBlog/gblink/map.go:137.22,139.3 1 1
github.com/HungOnBlog/gblink/map.go:140.2,140.15 1 1
github.com/HungOnBlog/gblink/map.go:153.45,155.22 2 1
github.com/HungOnBlog/gblink/map.go:155.22,157.3 1 1
github.com/HungOnBlog/gblink/map.go:158.2,158.14 1 1
github.com/HungOnBlog/gblink/map.go:183.55,185.22 2 1
github.com/HungOnBlog/gblink/map.go:185.22,187.3 1 1
github.com/HungOnBlog/gblink/map.go:188.2,188.26 1 1
github.com/HungOnBlog/gblink/map.go:188.26,189.24 1 1
github.com/HungOnBlog/gblink/map.go:189.24,191.4 1 1
github.com/HungOnBlog/gblink/map.go:193.2,193.15 1 1
github.com/HungOnBlog/gblink/map.go:209.64,211.22 2 1
github.com/HungOnBlog/gblink/map.go:211.22,212.22 1 1
github.com/HungOnBlog/gblink/map.go:212.22,214.4 1 1
github.com/HungOnBlog/gblink/map.go:216.2,216.17 1 1
github.com/HungOnBlog/gblink/map.go:230.32,232.2 1 1
github.com/HungOnBlog/gblink/map.go:247.56,248.22 1 1
github.com/HungOnBlog/gblink/map.go:248.22,249.22 1 1
github.com/HungOnBlog/gblink/map.go:249.22,251.4 1 1
github.com/HungOnBlog/gblink/map.go:267.46,268.22 1 1
github.com/HungOnBlog/gblink/map.go:268.22,270.3 1 1
github.com/HungOnBlog/gblink/map.go:284.38,286.22 2 1
github.com/HungOnBlog/gblink/map.go:286.22,288.3 1 1
github.com/HungOnBlog/gblink/map.go:289.2,289.14 1 1
github.com/HungOnBlog/gblink/map.go:303.28,304.19 1 1
github.com/HungOnBlog/gblink/map.go:304.19,306.3 1 1
github.com/HungOnBlog/gblink/map_string_interface.go:27.64,29.9 2 1
github.com/HungOnBlog/gblink/map_string_interface.go:29.9,31.3 1 1
github.com/HungOnBlog/gblink/map_string_interface.go:32.2,32.15 1 1
github.com/HungOnBlog/gblink/map_string_interface.go:46.58,48.2 1 1
github.com/HungOnBlog/gblink/map_string_interface.go:60.45,62.2 1 1
github.com/HungOnBlog/gblink/map_string_interface.go:74.39,76.2 1 1
github.com/HungOnBlog/gblink/map_string_interface.go:88.44,90.2 1 1
github.com/HungOnBlog/gblink/map_string_interface.go:102.53,105.2 2 1
github.com/HungOnBlog/gblink/map_string_interface.go:117.45,120.19 3 1
github.com/HungOnBlog/gblink/map_string_interface.go:120.19,123.3 2 1
github.com/HungOnBlog/gblink/map_string_interface.go:124.2,124.13 1 1
github.com/HungOnBlog/gblink/map_string_interface.go:137.52,140.22 3 1
github.com/HungOnBlog/gblink/map_string_interface.go:140.22,143.3 2 1
github.com/HungOnBlog/gblink/map_string_interface.go:144.2,144.15 1 1
github.com/HungOnBlog/gblink/map_string_interface.go:157.54,159.22 2 1
github.com/HungOnBlog/gblink/map_string_interface.go:159.22,161.3 1 1
github.com/HungOnBlog/gblink/map_string_interface.go:162.2,162.14 1 1
github.com/HungOnBlog/gblink/map_string_interface.go:188.82,190.22 2 1
github.com/HungOnBlog/gblink/map_string_interface.go:190.22,192.3 1 1
github.com/HungOnBlog/gblink/map_string_interface.go:193.2,193.26 1 1
github.com/HungOnBlog/gblink/map_string_interface.go:193.26,194.24 1 1
github.com/HungOnBlog/gblink/map_string_interface.go:194.24,196.4 1 1
github.com/HungOnBlog/gblink/map_string_interface.go:198.2,198.15 1 1
github.com/HungOnBlog/gblink/map_string_interface.go:215.89,217.22 2 1
github.com/HungOnBlog/gblink/map_string_interface.go:217.22,218.14 1 1
github.com/HungOnBlog/gblink/map_string_interface.go:218.14,220.4 1 1
github.com/HungOnBlog/gblink/map_string_interface.go:222.2,222.17 1 1
github.com/HungOnBlog/gblink/map_string_interface.go:236.46,238.2 1 1
github.com/HungOnBlog/gblink/map_string_interface.go:254.72,255.22 1 1
github.com/HungOnBlog/gblink/map_string_interface.go:255.22,256.14 1 1
github.com/HungOnBlog/gblink/map_string_interface.go:256.14,258.4 1 1
github.com/HungOnBlog/gblink/map_string_interface.go:274.63,275.22 1 1
github.com/HungOnBlog/gblink/map_string_interface.go:275.22,277.3 1 1
github.com/HungOnBlog/gblink/map_string_interface.go:291.56,293.22 2 1
github.com/HungOnBlog/gblink/map_string_interface.go:293.22,295.3 1 1
github.com/HungOnBlog/gblink/map_string_interface.go:296.2,296.14 1 1
github.com/HungOnBlog/gblink/map_string_interface.go:310.37,311.19 1 1
github.com/HungOnBlog/gblink/map_string_interface.go:311.19,313.3 1 1
github.com/HungOnBlog/gblink/map_string_interface.go:327.58,329.16 2 1
github.com/HungOnBlog/gblink/map_string_interface.go:329.16,331.3 1 0
github.com/HungOnBlog/gblink/map_string_interface.go:332.2,332.23 1 1
github.com/HungOnBlog/gblink/map_string_interface.go:355.71,358.2 2 1
github.com/HungOnBlog/gblink/map_string_interface.go:360.73,361.20 1 1
github.com/HungOnBlog/gblink/map_string_interface.go:361.20,363.3 1 1
github.com/HungOnBlog/gblink/map_string_interface.go:365.2,365.20 1 1
github.com/HungOnBlog/gblink/map_string_interface.go:365.20,367.10 2 1
github.com/HungOnBlog/gblink/map_string_interface.go:367.10,369.4 1 1
github.com/HungOnBlog/gblink/map_string_interface.go:370.3,370.16 1 1
github.com/HungOnBlog/gblink/map_string_interface.go:374.2,375.9 2 1
github.com/HungOnBlog/gblink/map_string_interface.go:375.9,377.3 1 0
github.com/HungOnBlog/gblink/map_string_interface.go:379.2,380.9 2 1
github.com/HungOnBlog/gblink/map_string_interface.go:380.9,382.3 1 0
github.com/HungOnBlog/gblink/map_string_interface.go:384.2,384.29 1 1
github.com/HungOnBlog/gblink/map_string_interface.go:394.69,397.2 2 1
github.com/HungOnBlog/gblink/map_string_interface.go:399.71,400.20 1 1
github.com/HungOnBlog/gblink/map_string_interface.go:400.20,402.3 1 1
github.com/HungOnBlog/gblink/map_string_interface.go:404.2,404.20 1 1
github.com/HungOnBlog/gblink/map_string_interface.go:404.20,407.3 2 1
github.com/HungOnBlog/gblink/map_string_interface.go:410.2,411.9 2 1
github.com/HungOnBlog/gblink/map_string_interface.go:411.9,414.3 2 0
github.com/HungOnBlog/gblink/map_string_interface.go:416.2,417.9 2 1
github.com/HungOnBlog/gblink/map_string_interface.go:417.9,420.3 2 0
github.com/HungOnBlog/gblink/map_string_interface.go:422.2,422.29 1 1
github.com/HungOnBlog/gblink/map_string_interface.go:440.53,443.2 2 1
github.com/HungOnBlog/gblink/map_string_interface.go:445.55,446.20 1 1
github.com/HungOnBlog/gblink/map_string_interface.go:446.20,448.3 1 1
github.com/HungOnBlog/gblink/map_string_interface.go:450.2,450.20 1 1
github.com/HungOnBlog/gblink/map_string_interface.go:450.20,453.3 2 1
github.com/HungOnBlog/gblink/map_string_interface.go:456.2,457.9 2 1
github.com/HungOnBlog/gblink/map_string_interface.go:457.9,459.3 1 0
github.com/HungOnBlog/gblink/map_string_interface.go:461.2,462.9 2 1
github.com/HungOnBlog/gblink/map_string_interface.go:462.9,464.3 1 0
github.com/HungOnBlog/gblink/map_string_interface.go:466.2,466.25 1 1
github.com/HungOnBlog/gblink/map_string_interface.go:485.55,488.2 2 1
github.com/HungOnBlog/gblink/map_string_interface.go:490.57,491.20 1 1
github.com/HungOnBlog/gblink/map_string_interface.go:491.20,493.3 1 1
github.com/HungOnBlog/gblink/map_string_interface.go:495.2,495.20 1 1
github.com/HungOnBlog/gblink/map_string_interface.go:495.20,498.3 2 1
github.com/HungOnBlog/gblink/map_string_interface.go:501.2,502.9 2 1
github.com/HungOnBlog/gblink/map_string_interface.go:502.9,504.3 1 0
github.com/HungOnBlog/gblink/map_string_interface.go:506.2,507.9 2 1
github.com/HungOnBlog/gblink/map_string_interface.go:507.9,509.3 1 0
github.com/HungOnBlog/gblink/map_string_interface.go:511.2,511.29 1 1
github.com/HungOnBlog/gblink/map_string_interface.go:526.73,528.22 2 1
github.com/HungOnBlog/gblink/map_string_interface.go:528.22,529.17 1 1
github.com/HungOnBlog/gblink/map_string_interface.go:529.17,531.4 1 1
github.com/HungOnBlog/gblink/map_string_interface.go:534.2,534.19 1 1
github.com/HungOnBlog/gblink/map_string_interface.go:552.107,554.22 2 1
github.com/HungOnBlog/gblink/map_string_interface.go:554.22,555.22 1 1
github.com/HungOnBlog/gblink/map_string_interface.go:555.22,557.4 1 1
github.com/HungOnBlog/gblink/map_string_interface.go:560.2,560.19 1 1
github.com/HungOnBlog/gblink/map_string_interface.go:579.77,581.22 2 1
github.com/HungOnBlog/gblink/map_string_interface.go:581.22,582.17 1 1
github.com/HungOnBlog/gblink/map_string_interface.go:582.17,583.44 1 1
github.com/HungOnBlog/gblink/map_string_interface.go:583.44,585.5 1 1
github.com/HungOnBlog/gblink/map_string_interface.go:585.10,587.5 1 1
github.com/HungOnBlog/gblink/map_string_interface.go:591.2,591.19 1 1
github.com/HungOnBlog/gblink/map_string_interface.go:613.111,615.22 2 1
github.com/HungOnBlog/gblink/map_string_interface.go:615.22,616.22 1 1
github.com/HungOnBlog/gblink/map_string_interface.go:616.22,617.44 1 1
github.com/HungOnBlog/gblink/map_string_interface.go:617.44,619.5 1 1
github.com/HungOnBlog/gblink/map_string_interface.go:619.10,621.5 1 1
github.com/HungOnBlog/gblink/map_string_interface.go:625.2,625.19 1 1
github.com/HungOnBlog/gblink/map_string_interface.go:653.81,655.22 2 1
github.com/HungOnBlog/gblink/map_string_interface.go:655.22,657.3 1 1
github.com/HungOnBlog/gblink/map_string_interface.go:659.2,659.23 1 1
github.com/HungOnBlog/gblink/map_string_interface.go:659.23,660.44 1 1
github.com/HungOnBlog/gblink/map_string_interface.go:660.44,661.56 1 1
github.com/HungOnBlog/gblink/map_string_interface.go:661.56,663.5 1 1
github.com/HungOnBlog/gblink/map_string_interface.go:663.10,665.5 1 0
github.com/HungOnBlog/gblink/map_string_interface.go:666.9,668.4 1 1
github.com/HungOnBlog/gblink/map_string_interface.go:671.2,671.18 1 1
