mode: set
github.com/HungOnBlog/gblink/map.go:27.40,29.9 2 1
github.com/HungOnBlog/gblink/map.go:29.9,31.3 1 1
github.com/HungOnBlog/gblink/map.go:32.2,32.15 1 1
github.com/HungOnBlog/gblink/map.go:46.34,48.2 1 1
github.com/HungOnBlog/gblink/map.go:60.36,62.2 1 1
github.com/HungOnBlog/gblink/map.go:74.30,76.2 1 1
github.com/HungOnBlog/gblink/map.go:88.35,90.2 1 1
github.com/HungOnBlog/gblink/map.go:102.39,105.2 2 1
github.com/HungOnBlog/gblink/map.go:117.31,119.19 2 1
github.com/HungOnBlog/gblink/map.go:119.19,121.3 1 1
github.com/HungOnBlog/gblink/map.go:122.2,122.13 1 1
github.com/HungOnBlog/gblink/map.go:135.33,137.22 2 1
github.com/HungOnBlog/gblink/map.go:137.22,139.3 1 1
github.com/HungOnBlog/gblink/map.go:140.2,140.15 1 1
github.com/HungOnBlog/gblink/map.go:153.45,155.22 2 1
github.com/HungOnBlog/gblink/map.go:155.22,157.3 1 1
github.com/HungOnBlog/gblink/map.go:158.2,158.14 1 1
github.com/HungOnBlog/gblink/map.go:183.55,185.22 2 1
github.com/HungOnBlog/gblink/map.go:185.22,187.3 1 1
github.com/HungOnBlog/gblink/map.go:188.2,188.26 1 1
github.com/HungOnBlog/gblink/map.go:188.26,189.24 1 1
github.com/HungOnBlog/gblink/map.go:189.24,191.4 1 1
github.com/HungOnBlog/gblink/map.go:193.2,193.15 1 1
github.com/HungOnBlog/gblink/map.go:209.64,211.22 2 1
github.com/HungOnBlog/gblink/map.go:211.22,212.22 1 1
github.com/HungOnBlog/gblink/map.go:212.22,214.4 1 1
github.com/HungOnBlog/gblink/map.go:216.2,216.17 1 1
